
SQL*Loader: Release 19.0.0.0.0 - Production on Thu Dec 5 12:03:35 2024
Version 19.3.0.0.0

Copyright (c) 1982, 2019, Oracle and/or its affiliates.  All rights reserved.

Control File:   control.ctl
Data File:      loader.txt
  Bad File:     loader.bad
  Discard File:  none specified
 
 (Allow all discards)

Number to load: ALL
Number to skip: 0
Errors allowed: 50
Bind array:     250 rows, maximum of 1048576 bytes
Continuation:    none specified
Path used:      Conventional

Table CATEGORY, loaded from every logical record.
Insert option in effect for this table: INSERT

   Column Name                  Position   Len  Term Encl Datatype
------------------------------ ---------- ----- ---- ---- ---------------------
CATEGORY_ID                         FIRST     *   ,       CHARACTER            
CATEGORY_NAME                        NEXT     *   ,       CHARACTER            

Record 11: Rejected - Error on table CATEGORY, column CATEGORY_ID.
Column not found before end of logical record (use TRAILING NULLCOLS)
Record 12: Rejected - Error on table CATEGORY, column CATEGORY_ID.
Column not found before end of logical record (use TRAILING NULLCOLS)
Record 5: Rejected - Error on table CATEGORY.
ORA-00001: unique constraint (MCA307.SYS_C0018700) violated

Record 6: Rejected - Error on table CATEGORY, column CATEGORY_ID.
ORA-01722: invalid number


Table CATEGORY:
  8 Rows successfully loaded.
  4 Rows not loaded due to data errors.
  0 Rows not loaded because all WHEN clauses were failed.
  0 Rows not loaded because all fields were null.


Space allocated for bind array:                 129000 bytes(250 rows)
Read   buffer bytes: 1048576

Total logical records skipped:          0
Total logical records read:            12
Total logical records rejected:         4
Total logical records discarded:        0

Run began on Thu Dec 05 12:03:35 2024
Run ended on Thu Dec 05 12:03:38 2024

Elapsed time was:     00:00:02.96
CPU time was:         00:00:00.13
