
SQL*Loader: Release 19.0.0.0.0 - Production on Thu Dec 5 12:04:02 2024
Version 19.3.0.0.0

Copyright (c) 1982, 2019, Oracle and/or its affiliates.  All rights reserved.

Control File:   position_control.ctl
Data File:      loader.txt
  Bad File:     loader.bad
  Discard File:  none specified
 
 (Allow all discards)

Number to load: ALL
Number to skip: 0
Errors allowed: 50
Bind array:     250 rows, maximum of 1048576 bytes
Continuation:    none specified
Path used:      Conventional

Table CATEGORY, loaded from every logical record.
Insert option in effect for this table: APPEND

   Column Name                  Position   Len  Term Encl Datatype
------------------------------ ---------- ----- ---- ---- ---------------------
CATEGORY_ID                           1:1     1   ,       CHARACTER            
CATEGORY_NAME                        4:18    15   ,       CHARACTER            

Record 11: Discarded - all columns null.
Record 12: Discarded - all columns null.
Record 1: Rejected - Error on table CATEGORY.
ORA-00001: unique constraint (MCA307.SYS_C0018700) violated

Record 2: Rejected - Error on table CATEGORY.
ORA-00001: unique constraint (MCA307.SYS_C0018700) violated

Record 3: Rejected - Error on table CATEGORY.
ORA-00001: unique constraint (MCA307.SYS_C0018700) violated

Record 4: Rejected - Error on table CATEGORY.
ORA-00001: unique constraint (MCA307.SYS_C0018700) violated

Record 5: Rejected - Error on table CATEGORY.
ORA-00001: unique constraint (MCA307.SYS_C0018700) violated

Record 6: Rejected - Error on table CATEGORY, column CATEGORY_ID.
ORA-01722: invalid number

Record 7: Rejected - Error on table CATEGORY.
ORA-00001: unique constraint (MCA307.SYS_C0018700) violated

Record 8: Rejected - Error on table CATEGORY.
ORA-00001: unique constraint (MCA307.SYS_C0018700) violated

Record 9: Rejected - Error on table CATEGORY.
ORA-00001: unique constraint (MCA307.SYS_C0018700) violated

Record 10: Rejected - Error on table CATEGORY.
ORA-00001: unique constraint (MCA307.SYS_C0018700) violated


Table CATEGORY:
  0 Rows successfully loaded.
  10 Rows not loaded due to data errors.
  0 Rows not loaded because all WHEN clauses were failed.
  2 Rows not loaded because all fields were null.


Space allocated for bind array:                   5500 bytes(250 rows)
Read   buffer bytes: 1048576

Total logical records skipped:          0
Total logical records read:            12
Total logical records rejected:        10
Total logical records discarded:        2

Run began on Thu Dec 05 12:04:02 2024
Run ended on Thu Dec 05 12:04:05 2024

Elapsed time was:     00:00:03.09
CPU time was:         00:00:00.14
