
SQL*Loader: Release 19.0.0.0.0 - Production on Fri Dec 6 12:22:24 2024
Version 19.3.0.0.0

Copyright (c) 1982, 2019, Oracle and/or its affiliates.  All rights reserved.

Control File:   control.ctl
Data File:      loader.txt
  Bad File:     loader.bad
  Discard File:  none specified
 
 (Allow all discards)

Number to load: ALL
Number to skip: 0
Errors allowed: 50
Bind array:     250 rows, maximum of 1048576 bytes
Continuation:    none specified
Path used:      Conventional

Table SUBJECT, loaded from every logical record.
Insert option in effect for this table: INSERT

   Column Name                  Position   Len  Term Encl Datatype
------------------------------ ---------- ----- ---- ---- ---------------------
SUBJECT_ID                          FIRST     *   ,       CHARACTER            
SUBJECT_NAME                         NEXT     *   ,       CHARACTER            

SQL*Loader-500: Unable to open file (loader.txt)
SQL*Loader-553: file not found
SQL*Loader-509: System error: The system cannot find the file specified.
SQL*Loader-2026: the load was aborted because SQL Loader cannot continue.

Table SUBJECT:
  0 Rows successfully loaded.
  0 Rows not loaded due to data errors.
  0 Rows not loaded because all WHEN clauses were failed.
  0 Rows not loaded because all fields were null.


Space allocated for bind array:                 129000 bytes(250 rows)
Read   buffer bytes: 1048576

Total logical records skipped:          0
Total logical records read:             0
Total logical records rejected:         0
Total logical records discarded:        0

Run began on Fri Dec 06 12:22:24 2024
Run ended on Fri Dec 06 12:22:27 2024

Elapsed time was:     00:00:03.06
CPU time was:         00:00:00.05
