
SQL*Loader: Release 11.2.0.2.0 - Production on Wed Dec 4 13:12:01 2024

Copyright (c) 1982, 2009, Oracle and/or its affiliates.  All rights reserved.

Control File:   condition_control.ctl
Data File:      department_loader.txt
  Bad File:     bad_file.bad
  Discard File: discard_file.dsc 
 (Allow all discards)

Number to load: ALL
Number to skip: 0
Errors allowed: 50
Bind array:     64 rows, maximum of 256000 bytes
Continuation:    none specified
Path used:      Conventional

Table DEPARTMENT, loaded when DEPT_NAME = 0X656475636174696f6e(character 'education')
Insert option in effect for this table: APPEND

   Column Name                  Position   Len  Term Encl Datatype
------------------------------ ---------- ----- ---- ---- ---------------------
ID                                  FIRST     *   ,       CHARACTER            
DEPT_NAME                            NEXT     *   ,       CHARACTER            

Record 1: Discarded - failed all WHEN clauses.
Record 2: Discarded - failed all WHEN clauses.
Record 3: Discarded - failed all WHEN clauses.
Record 4: Discarded - failed all WHEN clauses.
Record 5: Discarded - failed all WHEN clauses.
Record 6: Discarded - failed all WHEN clauses.
Record 7: Discarded - failed all WHEN clauses.

Table DEPARTMENT:
  1 Row successfully loaded.
  0 Rows not loaded due to data errors.
  7 Rows not loaded because all WHEN clauses were failed.
  0 Rows not loaded because all fields were null.


Space allocated for bind array:                  33024 bytes(64 rows)
Read   buffer bytes: 1048576

Total logical records skipped:          0
Total logical records read:             8
Total logical records rejected:         0
Total logical records discarded:        7

Run began on Wed Dec 04 13:12:01 2024
Run ended on Wed Dec 04 13:12:01 2024

Elapsed time was:     00:00:00.07
CPU time was:         00:00:00.04
