
SQL*Loader: Release 11.2.0.2.0 - Production on Wed Dec 4 13:00:20 2024

Copyright (c) 1982, 2009, Oracle and/or its affiliates.  All rights reserved.

Control File:   control_append.ctl
Data File:      department_loader.txt
  Bad File:     department_loader.bad
  Discard File:  none specified
 
 (Allow all discards)

Number to load: ALL
Number to skip: 0
Errors allowed: 50
Bind array:     64 rows, maximum of 256000 bytes
Continuation:    none specified
Path used:      Conventional

Table DEPARTMENT, loaded from every logical record.
Insert option in effect for this table: APPEND

   Column Name                  Position   Len  Term Encl Datatype
------------------------------ ---------- ----- ---- ---- ---------------------
ID                                  FIRST     *   ,       CHARACTER            
DEPT_NAME                            NEXT     *   ,       CHARACTER            


Table DEPARTMENT:
  8 Rows successfully loaded.
  0 Rows not loaded due to data errors.
  0 Rows not loaded because all WHEN clauses were failed.
  0 Rows not loaded because all fields were null.


Space allocated for bind array:                  33024 bytes(64 rows)
Read   buffer bytes: 1048576

Total logical records skipped:          0
Total logical records read:             8
Total logical records rejected:         0
Total logical records discarded:        0

Run began on Wed Dec 04 13:00:20 2024
Run ended on Wed Dec 04 13:00:20 2024

Elapsed time was:     00:00:00.07
CPU time was:         00:00:00.03
