
Connected to: Oracle Database 19c Enterprise Edition Release 19.0.0.0.0 - Production
Version 19.3.0.0.0
Export done in WE8MSWIN1252 character set and AL16UTF16 NCHAR character set
server uses AL32UTF8 character set (possible charset conversion)
. exporting pre-schema procedural objects and actions
. exporting foreign function library names for user MCA307 
. exporting PUBLIC type synonyms
. exporting private type synonyms
. exporting object type definitions for user MCA307 
About to export MCA307's objects ...
. exporting database links
. exporting sequence numbers
. exporting cluster definitions
. about to export MCA307's tables via Conventional Path ...
. . exporting table                      AUDIT_LOG          8 rows exported
EXP-00091: Exporting questionable statistics.
. . exporting table                       CATEGORY          8 rows exported
. . exporting table                       EMPLOYEE          1 rows exported
EXP-00091: Exporting questionable statistics.
. . exporting table                        STUDENT          3 rows exported
EXP-00091: Exporting questionable statistics.
. . exporting table                 STUDENT_MASTER          9 rows exported
EXP-00091: Exporting questionable statistics.
. . exporting table                        TEACHER          2 rows exported
. . exporting table                   ADDRESSES_NT          4 rows exported
. exporting synonyms
. exporting views
. exporting stored procedures
. exporting operators
. exporting referential integrity constraints
. exporting triggers
. exporting indextypes
. exporting bitmap, functional and extensible indexes
. exporting posttables actions
. exporting materialized views
. exporting snapshot logs
. exporting job queues
. exporting refresh groups and children
. exporting dimensions
. exporting post-schema procedural objects and actions
. exporting statistics
Export terminated successfully with warnings.
