
Connected to: Oracle Database 19c Enterprise Edition Release 19.0.0.0.0 - Production
Version 19.3.0.0.0

Export file created by EXPORT:V19.00.00 via conventional path

Warning: the objects were exported by MCA307, not by you

import done in WE8MSWIN1252 character set and AL16UTF16 NCHAR character set
import server uses AL32UTF8 character set (possible charset conversion)
IMP-00017: following statement failed with ORACLE error 2304:
 "CREATE TYPE "STUDENT_OBJ_TYPE" TIMESTAMP '2024-08-09:15:37:03' OID '87DD384"
 "EFFDD47178F06DF241DAFF804'   AS OBJECT ("
 "    stdid    NUMBER(3),"
 "    stdname  VARCHAR2(20),"
 "    stdemail VARCHAR2(30)"
 ");"
IMP-00003: ORACLE error 2304 encountered
ORA-02304: invalid object identifier literal
IMP-00017: following statement failed with ORACLE error 2304:
 "CREATE TYPE "STUDENT_TABLE_TYPE" TIMESTAMP '2024-08-09:15:37:06' OID '47D8F"
 "998CEE24704879CFB87AB6ADF7A'   AS TABLE OF student_obj_type;"
IMP-00003: ORACLE error 2304 encountered
ORA-02304: invalid object identifier literal
IMP-00017: following statement failed with ORACLE error 2304:
 "CREATE TYPE "CNO" TIMESTAMP '2024-08-09:15:44:08' OID 'C386033B1A70476C8365"
 "56D124103132'   AS VARRAY(5) OF VARCHAR2(15);"
IMP-00003: ORACLE error 2304 encountered
ORA-02304: invalid object identifier literal
IMP-00017: following statement failed with ORACLE error 2304:
 "CREATE TYPE "CNO_VARRAY" TIMESTAMP '2024-08-12:08:35:23' OID '113C2AC774FD4"
 "E37B5BD130776640AF3'   AS VARRAY(3) OF VARCHAR2(10);"
IMP-00003: ORACLE error 2304 encountered
ORA-02304: invalid object identifier literal
IMP-00017: following statement failed with ORACLE error 2304:
 "CREATE TYPE "STUDENT_MARKS" TIMESTAMP '2024-09-20:15:44:33' OID '8EE10F9838"
 "814E8688C15C41DF11FF4D'   AS VARRAY(3) OF NUMBER;"
IMP-00003: ORACLE error 2304 encountered
ORA-02304: invalid object identifier literal
IMP-00017: following statement failed with ORACLE error 2304:
 "CREATE TYPE "ADDRESS_REC" TIMESTAMP '2024-09-20:15:54:07' OID '8D65842668B1"
 "43E7A4C4767F9E431022'   AS OBJECT ("
 "    block VARCHAR2(50),"
 "    block_no VARCHAR2(10),"
 "    area VARCHAR2(100),"
 "    pincode NUMBER"
 ");"
IMP-00003: ORACLE error 2304 encountered
ORA-02304: invalid object identifier literal
IMP-00017: following statement failed with ORACLE error 2304:
 "CREATE TYPE "ADDRESS_TBL" TIMESTAMP '2024-09-20:15:54:06' OID '60FB77F98694"
 "4A13ADDF9C66CB555128'   AS TABLE OF address_rec;"
IMP-00003: ORACLE error 2304 encountered
ORA-02304: invalid object identifier literal
IMP-00015: following statement failed because the object already exists:
 "CREATE SEQUENCE "AUDIT_SEQ" MINVALUE 1 MAXVALUE 999999999999999999999999999"
 "9 INCREMENT BY 1 START WITH 23 NOCACHE NOORDER NOCYCLE"
IMP-00015: following statement failed because the object already exists:
 "CREATE TABLE "AUDIT_LOG" ("AUDIT_ID" NUMBER(10, 0), "USER_NAME" VARCHAR2(30"
 "), "OPERATION" VARCHAR2(10), "TABLE_NAME" VARCHAR2(30), "AUDIT_DATE" DATE, "
 ""DURATION" NUMBER(10, 2), "OLD_STDID" NUMBER(3, 0), "OLD_STDNAME" VARCHAR2("
 "20), "OLD_STDEMAIL" VARCHAR2(30), "NEW_STDID" NUMBER(3, 0), "NEW_STDNAME" V"
 "ARCHAR2(20), "NEW_STDEMAIL" VARCHAR2(30))  PCTFREE 10 PCTUSED 40 INITRANS 1"
 " MAXTRANS 255 STORAGE(INITIAL 65536 NEXT 8192 MINEXTENTS 1 FREELISTS 1 FREE"
 "LIST GROUPS 1 BUFFER_POOL DEFAULT)                   LOGGING NOCOMPRESS"
IMP-00015: following statement failed because the object already exists:
 "CREATE TABLE "CATEGORY" ("CATEGORY_ID" NUMBER(*,0), "CATEGORY_NAME" VARCHAR"
 "2(255))  PCTFREE 10 PCTUSED 40 INITRANS 1 MAXTRANS 255 STORAGE(INITIAL 6553"
 "6 NEXT 1048576 MINEXTENTS 1 FREELISTS 1 FREELIST GROUPS 1 BUFFER_POOL DEFAU"
 "LT)                   LOGGING NOCOMPRESS"
IMP-00015: following statement failed because the object already exists:
 "CREATE TABLE "EMPLOYEE" ("EMPLOYEE_ID" NUMBER, "FIRST_NAME" VARCHAR2(50), ""
 "LAST_NAME" VARCHAR2(50), "HIRE_DATE" DATE, "SALARY" NUMBER(8, 2))  PCTFREE "
 "10 PCTUSED 40 INITRANS 1 MAXTRANS 255 STORAGE(INITIAL 65536 NEXT 1048576 MI"
 "NEXTENTS 1 FREELISTS 1 FREELIST GROUPS 1 BUFFER_POOL DEFAULT)              "
 "     LOGGING NOCOMPRESS"
IMP-00063: Warning: Skipping table "MCA333"."STUDENT" because object type "MCA333"."STUDENT_MARKS" cannot be created or has different identifier
IMP-00015: following statement failed because the object already exists:
 "CREATE TABLE "STUDENT_MASTER" ("STDID" NUMBER(3, 0) NOT NULL ENABLE, "STDNA"
 "ME" VARCHAR2(20) NOT NULL ENABLE, "STDEMAIL" VARCHAR2(30) NOT NULL ENABLE) "
 " PCTFREE 10 PCTUSED 40 INITRANS 1 MAXTRANS 255 STORAGE(INITIAL 65536 NEXT 8"
 "192 MINEXTENTS 1 FREELISTS 1 FREELIST GROUPS 1 BUFFER_POOL DEFAULT)        "
 "           LOGGING NOCOMPRESS"
IMP-00063: Warning: Skipping table "MCA333"."TEACHER" because object type "MCA333"."ADDRESS_REC" cannot be created or has different identifier
IMP-00015: following statement failed because the object already exists:
 "CREATE PROCEDURE ADD_EMPLOYEE("
 "    p_employee_id IN NUMBER,"
 "    p_first_name IN VARCHAR2,"
 "    p_last_name IN VARCHAR2,"
 "    p_hire_date IN DATE,"
 "    p_salary IN NUMBER"
 ") AS"
 "BEGIN"
 "    INSERT INTO employee (employee_id, first_name, last_name, hire_date, sa"
 "lary)"
 "    VALUES (p_employee_id, p_first_name, p_last_name, p_hire_date, p_salary"
 ");"
 "END;"
IMP-00015: following statement failed because the object already exists:
 "CREATE PROCEDURE audit_procedure ("
 "    object_schema VARCHAR2,"
 "    object_name VARCHAR2,"
 "    policy_name VARCHAR2"
 ")"
 "AS"
 "    v_user VARCHAR2(30);"
 "    v_start_time DATE;"
 "    v_end_time DATE;"
 "    v_duration NUMBER(10, 2);"
 "BEGIN"
 "    v_start_time := SYSDATE;"
 "    v_user := SYS_CONTEXT('USERENV', 'SESSION_USER');"
 "    v_end_time := SYSDATE;"
 "    v_duration := (v_end_time - v_start_time) * 24 * 60 * 60; -- Convert du"
 "ration to seconds"
 ""
 "    INSERT INTO audit_log ("
 "        audit_id, user_name, operation, table_name, audit_date, duration"
 "    ) VALUES ("
 "        audit_seq.NEXTVAL, v_user, 'SELECT', object_name, v_end_time, v_dur"
 "ation"
 "    );"
 "END audit_procedure;"
IMP-00015: following statement failed because the object already exists:
 "CREATE procedure fetch_data(pid in number, eid out number, pnm out varchar2"
 ") is"
 "  v_sql varchar2(200);"
 "  v_cursor integer;"
 "begin"
 "  v_sql := 'select EMPLOYEE_ID, EMPLOYEE_NAME from EMPLOYEES where EMPLOYEE"
 "_ID = :bindid';"
 ""
 "  v_cursor := DBMS_SQL.open_cursor;"
 "  DBMS_SQL.parse(v_cursor, v_sql, DBMS_SQL.native);"
 ""
 "  DBMS_SQL.bind_variable(v_cursor, ':bindid', pid);"
 ""
 "  -- Define output variables for the result"
 "  DBMS_SQL.define_column(v_cursor, 1, eid);"
 "  DBMS_SQL.define_column(v_cursor, 2, pnm);"
 ""
 "  -- Execute the query"
 "  DBMS_SQL.execute(v_cursor);"
 ""
 "  -- Fetch the row and retrieve column values"
 "  if DBMS_SQL.fetch_rows(v_cursor) > 0 then"
 "    DBMS_SQL.column_value(v_cursor, 1, eid);"
 "    DBMS_SQL.column_value(v_cursor, 2, pnm);"
 "  else"
 "    DBMS_OUTPUT.PUT_LINE('No data found for EMPLOYEE_ID: ' || pid);"
 "  end if;"
 ""
 "  -- Close the cursor"
 "  DBMS_SQL.close_cursor(v_cursor);"
 "end;"
IMP-00015: following statement failed because the object already exists:
 "CREATE PROCEDURE insert_std ("
 "    student_id   NUMBER,"
 "    student_name VARCHAR2,"
 "    student_email VARCHAR2"
 ") AS"
 "    total_std NUMBER := 0;"
 "BEGIN"
 "    INSERT INTO student_master (stdid, stdname, stdemail) VALUES (student_i"
 "d, student_name, student_email);"
 ""
 "    SELECT COUNT(*)"
 "    INTO total_std"
 "    FROM student_master;"
 ""
 "    COMMIT;"
 ""
 "    DBMS_OUTPUT.PUT_LINE('Total number of students: ' || total_std);"
 "END;"
IMP-00015: following statement failed because the object already exists:
 "CREATE procedure manage_employee(p_operation in varchar2, p_empid in number"
 ", p_empnm in varchar2) is"
 "  v_sql varchar2(100);"
 "  v_cursor integer;"
 "  v_tablenm varchar2(50) := 'employees';"
 "  v_bindid number := p_empid;"
 "  v_bindnm varchar2(50) := p_empnm;"
 "begin"
 "  if p_operation = 'INSERT' then"
 "    v_sql := 'insert into ' || v_tablenm || ' (EMPLOYEE_ID, EMPLOYEE_NAME) "
 "values (:bindid, :bindnm)';"
 "    v_cursor := DBMS_SQL.open_cursor;"
 "    DBMS_SQL.parse(v_cursor, v_sql, DBMS_SQL.native);"
 "    DBMS_SQL.bind_variable(v_cursor, ':bindid', v_bindid);"
 "    DBMS_SQL.bind_variable(v_cursor, ':bindnm', v_bindnm);"
 "    DBMS_SQL.execute(v_cursor);"
 "    DBMS_SQL.close_cursor(v_cursor);"
 "    DBMS_OUTPUT.PUT_LINE('Record inserted successfully');"
 "  elsif p_operation = 'update' then"
 "    v_sql := 'update ' || v_tablenm || ' set EMPLOYEE_NAME = :bindnm where "
 "EMPLOYEE_ID = :bindid';"
 "    v_cursor := DBMS_SQL.open_cursor;"
 "    DBMS_SQL.parse(v_cursor, v_sql, DBMS_SQL.native);"
 "    DBMS_SQL.bind_variable(v_cursor, ':bindid', v_bindid);"
 "    DBMS_SQL.bind_variable(v_cursor, ':bindnm', v_bindnm);"
 "    DBMS_SQL.execute(v_cursor);"
 "    DBMS_SQL.close_cursor(v_cursor);"
 "    DBMS_OUTPUT.PUT_LINE('Record updated successfully');"
 "  elsif p_operation = 'delete' then"
 "    v_sql := 'delete from ' || v_tablenm || ' where EMPLOYEE_ID = :bindid';"
 "    v_cursor := DBMS_SQL.open_cursor;"
 "    DBMS_SQL.parse(v_cursor, v_sql, DBMS_SQL.native);"
 "    DBMS_SQL.bind_variable(v_cursor, ':bindid', v_bindid);"
 "    DBMS_SQL.execute(v_cursor);"
 "    DBMS_SQL.close_cursor(v_cursor);"
 "    DBMS_OUTPUT.PUT_LINE('Record deleted successfully');"
 "  else"
 "    DBMS_OUTPUT.PUT_LINE('Invalid operation. Please choose INSERT, UPDATE, "
 "or DELETE.');"
 "  end if;"
 "end;"
IMP-00015: following statement failed because the object already exists:
 "CREATE PROCEDURE manage_marks("
 "    sid IN NUMBER,"
 "    action IN VARCHAR2,"
 "    mark IN NUMBER,"
 "    updated_mark IN NUMBER DEFAULT NULL"
 ")"
 "IS"
 "    current_marks student_marks;"
 "    new_marks student_marks := student_marks();"
 "    found BOOLEAN := FALSE;"
 "BEGIN"
 "    SELECT marks INTO current_marks FROM STUDENT WHERE student_id = sid;"
 ""
 "    IF action = 'insert' THEN"
 "        IF current_marks.COUNT < 3 THEN"
 "            current_marks.EXTEND;"
 "            current_marks(current_marks.LAST) := mark;"
 "            UPDATE STUDENT SET marks = current_marks WHERE student_id = sid"
 ";"
 "        ELSE"
 "            DBMS_OUTPUT.PUT_LINE('Cannot insert: maximum marks reached.');"
 "        END IF;"
 ""
 "    ELSIF action = 'update' THEN"
 "        FOR i IN 1..current_marks.COUNT LOOP"
 "            IF current_marks(i) = mark THEN"
 "                current_marks(i) := updated_mark;"
 "                found := TRUE;"
 "                UPDATE STUDENT SET marks = current_marks WHERE student_id ="
 " sid;"
 "                EXIT;"
 "            END IF;"
 "        END LOOP;"
 ""
 "        IF NOT found THEN"
 "            DBMS_OUTPUT.PUT_LINE('Mark not found for update.');"
 "        END IF;"
 ""
 "    ELSIF action = 'delete' THEN"
 "        FOR i IN 1..current_marks.COUNT LOOP"
 "            IF current_marks(i) != mark THEN"
 "                new_marks.EXTEND;"
 "                new_marks(new_marks.COUNT) := current_marks(i);"
 "            END IF;"
 "        END LOOP;"
 ""
 "        UPDATE STUDENT SET marks = new_marks WHERE student_id = sid;"
 "    END IF;"
 "END;"
IMP-00015: following statement failed because the object already exists:
 "CREATE PROCEDURE manage_teacher_address ("
 "    p_teacher_id IN NUMBER,"
 "    p_action IN VARCHAR2,"
 "    p_index IN INTEGER DEFAULT NULL,"
 "    p_block IN VARCHAR2 DEFAULT NULL,"
 "    p_block_no IN VARCHAR2 DEFAULT NULL,"
 "    p_area IN VARCHAR2 DEFAULT NULL,"
 "    p_pincode IN NUMBER DEFAULT NULL"
 ") AS"
 "    v_addresses address_tbl;"
 "BEGIN"
 "    -- Retrieve the current addresses for the teacher"
 "    SELECT addresses INTO v_addresses FROM TEACHER WHERE teacher_id = p_tea"
 "cher_id;"
 ""
 "    IF p_action = 'INSERT' THEN"
 "        -- Use MULTISET UNION to insert the new address record"
 "        v_addresses := v_addresses MULTISET UNION address_tbl(address_rec(p"
 "_block, p_block_no, p_area, p_pincode));"
 ""
 "    ELSIF p_action = 'UPDATE' THEN"
 "        -- Check if the index is valid for updating"
 "        IF p_index IS NOT NULL AND p_index BETWEEN 1 AND v_addresses.COUNT "
 "THEN"
 "            v_addresses(p_index) := address_rec(p_block, p_block_no, p_area"
 ", p_pincode);"
 "        ELSE"
 "            DBMS_OUTPUT.PUT_LINE('Invalid index for update.');"
 "        END IF;"
 ""
 "    ELSIF p_action = 'DELETE' THEN"
 "        -- Check if the index is valid for deletion"
 "        IF p_index IS NOT NULL AND p_index BETWEEN 1 AND v_addresses.COUNT "
 "THEN"
 "            v_addresses.DELETE(p_index);"
 "        ELSE"
 "            DBMS_OUTPUT.PUT_LINE('Invalid index for deletion.');"
 "        END IF;"
 "    END IF;"
 ""
 "    -- Update the teacher's address information"
 "    UPDATE TEACHER"
 "    SET addresses = v_addresses"
 "    WHERE teacher_id = p_teacher_id;"
 "END;"
IMP-00015: following statement failed because the object already exists:
 "CREATE FUNCTION remove_std (student_id NUMBER) RETURN NUMBER AS"
 "    total_std NUMBER := 0;"
 "BEGIN"
 "    DELETE FROM student_master"
 "    WHERE student_master.stdid = student_id;"
 ""
 "    SELECT COUNT(*) INTO total_std"
 "    FROM student_master;"
 ""
 "    COMMIT;"
 ""
 "    RETURN total_std;"
 "END;"
IMP-00017: following statement failed with ORACLE error 942:
 "ANALYZE  TABLE "TEACHER"  ESTIMATE STATISTICS "
IMP-00003: ORACLE error 942 encountered
ORA-00942: table or view does not exist
IMP-00017: following statement failed with ORACLE error 942:
 "ANALYZE  TABLE "ADDRESSES_NT"  ESTIMATE STATISTICS "
IMP-00003: ORACLE error 942 encountered
ORA-00942: table or view does not exist
Import terminated successfully with warnings.
